{
  "RSpec": {
    "coverage": {
      "/Users/Manoj/Turing/2module/final_challange/movie_mania_1803-1/config/environment.rb": [
        null,
        1,
        null,
        null,
        0
      ],
      "/Users/Manoj/Turing/2module/final_challange/movie_mania_1803-1/config/application.rb": [
        1,
        null,
        0,
        null,
        0,
        0,
        0,
        0,
        0,
        0,
        0,
        0,
        null,
        null,
        null,
        null,
        0,
        null,
        0,
        0,
        null,
        0,
        null,
        null,
        null,
        null,
        null,
        null,
        0,
        null,
        null
      ],
      "/Users/Manoj/Turing/2module/final_challange/movie_mania_1803-1/config/boot.rb": [
        1,
        null,
        1
      ],
      "/Users/Manoj/Turing/2module/final_challange/movie_mania_1803-1/spec/features/user_can_add_movies_to_cart_spec.rb": [
        1,
        null,
        0,
        0,
        0,
        0,
        0,
        0,
        null,
        null,
        0,
        0,
        0,
        null,
        0,
        0,
        null,
        null,
        0,
        0,
        null,
        null,
        0,
        0,
        null,
        0,
        0,
        null,
        null,
        0,
        null,
        0,
        0,
        null,
        null,
        0,
        null,
        null,
        0,
        0,
        null,
        0,
        null,
        0,
        0,
        null,
        null,
        0,
        0,
        null,
        null,
        0,
        0,
        null,
        null,
        null
      ],
      "/Users/Manoj/Turing/2module/final_challange/movie_mania_1803-1/spec/rails_helper.rb": [
        null,
        1,
        0,
        null,
        0,
        0,
        0,
        null,
        0,
        0,
        null,
        0,
        0,
        0,
        0,
        null,
        null,
        null,
        null,
        null,
        null,
        null,
        null,
        null,
        null,
        null,
        null,
        null,
        null,
        null,
        null,
        null,
        null,
        null,
        0,
        null,
        0,
        null,
        0,
        null,
        null,
        null,
        null,
        0,
        null,
        null,
        null,
        null,
        null,
        null,
        null,
        null,
        null,
        null,
        null,
        null,
        null,
        null,
        0,
        null,
        null,
        0,
        null,
        null,
        null
      ],
      "/Users/Manoj/Turing/2module/final_challange/movie_mania_1803-1/spec/features/user_can_create_a_new_director_spec.rb": [
        1,
        null,
        0,
        0,
        0,
        null,
        0,
        null,
        null,
        0,
        0,
        null,
        0,
        0,
        null,
        0,
        null,
        null,
        null
      ],
      "/Users/Manoj/Turing/2module/final_challange/movie_mania_1803-1/spec/features/user_can_create_a_new_movie_spec.rb": [
        1,
        null,
        0,
        0,
        0,
        0,
        0,
        null,
        0,
        null,
        null,
        0,
        0,
        0,
        null,
        0,
        null,
        0,
        0,
        0,
        null,
        null
      ],
      "/Users/Manoj/Turing/2module/final_challange/movie_mania_1803-1/spec/features/user_can_create_an_actor_spec.rb": [
        1,
        null,
        0,
        0,
        0,
        null,
        0,
        null,
        null,
        0,
        0,
        null,
        0,
        0,
        null,
        0,
        0,
        null,
        null,
        null
      ],
      "/Users/Manoj/Turing/2module/final_challange/movie_mania_1803-1/spec/features/user_can_register_and_login_logout_spec.rb": [
        null,
        null,
        null,
        null,
        1,
        null,
        0,
        0,
        0,
        0,
        0,
        0,
        null,
        0,
        null,
        0,
        null,
        0,
        null,
        0,
        0,
        0,
        0,
        null,
        null,
        0,
        0,
        null,
        0,
        0,
        null,
        0,
        0,
        0,
        0,
        null,
        0,
        null,
        0,
        null,
        0,
        null,
        0,
        0,
        0,
        0,
        null,
        null,
        0,
        0,
        null,
        null,
        null,
        0,
        0,
        0,
        null,
        0,
        null,
        0,
        null,
        0,
        null,
        0,
        0,
        null,
        0,
        null,
        0,
        0,
        null,
        null,
        0,
        0,
        0,
        null,
        0,
        null,
        0,
        0,
        null,
        0,
        null,
        0,
        0,
        null,
        null,
        null
      ],
      "/Users/Manoj/Turing/2module/final_challange/movie_mania_1803-1/spec/features/user_can_view_movie_show_page_spec.rb": [
        1,
        null,
        0,
        0,
        0,
        0,
        null,
        0,
        null,
        0,
        null,
        0,
        0,
        null,
        null
      ],
      "/Users/Manoj/Turing/2module/final_challange/movie_mania_1803-1/spec/features/user_sees_all_movies_spec.rb": [
        1,
        null,
        0,
        0,
        0,
        0,
        0,
        0,
        null,
        0,
        null,
        0,
        0,
        0,
        0,
        0,
        0,
        null,
        null
      ],
      "/Users/Manoj/Turing/2module/final_challange/movie_mania_1803-1/spec/features/user_sees_home_page_spec.rb": [
        1,
        null,
        0,
        0,
        0,
        null,
        0,
        0,
        null,
        null
      ],
      "/Users/Manoj/Turing/2module/final_challange/movie_mania_1803-1/spec/features/user_sees_nav_bar_spec.rb": [
        1,
        null,
        0,
        0,
        0,
        null,
        0,
        0,
        0,
        0,
        null,
        null
      ],
      "/Users/Manoj/Turing/2module/final_challange/movie_mania_1803-1/spec/models/actor_movie_spec.rb": [
        1,
        null,
        0,
        0,
        0,
        0,
        null,
        null
      ],
      "/Users/Manoj/Turing/2module/final_challange/movie_mania_1803-1/spec/models/actor_spec.rb": [
        1,
        null,
        0,
        0,
        0,
        null,
        null
      ],
      "/Users/Manoj/Turing/2module/final_challange/movie_mania_1803-1/spec/models/cart_spec.rb": [
        1,
        null,
        0,
        0,
        0,
        0,
        null,
        0,
        null,
        null,
        0,
        0,
        0,
        0,
        0,
        null,
        0,
        0,
        null,
        0,
        null,
        null,
        0,
        0,
        null,
        0,
        0,
        null,
        null,
        null
      ],
      "/Users/Manoj/Turing/2module/final_challange/movie_mania_1803-1/spec/models/director_spec.rb": [
        1,
        null,
        0,
        0,
        0,
        null,
        0,
        0,
        null,
        null
      ],
      "/Users/Manoj/Turing/2module/final_challange/movie_mania_1803-1/spec/models/movie_spec.rb": [
        1,
        null,
        0,
        0,
        0,
        0,
        null,
        null,
        0,
        0,
        0,
        0,
        null,
        0,
        null,
        null,
        null
      ],
      "/Users/Manoj/Turing/2module/final_challange/movie_mania_1803-1/spec/models/user_spec.rb": [
        1,
        null,
        0,
        0,
        0,
        0,
        0,
        null,
        null,
        0,
        0,
        0,
        null,
        0,
        0,
        null,
        null,
        0,
        0,
        null,
        0,
        0,
        null,
        null,
        null
      ]
    },
    "timestamp": 1528211124
  }
}
